# JRE version: OpenJDK Runtime Environment (8.0_302-b08) (build 1.8.0_302-b08)
# Java VM: OpenJDK 64-Bit Server VM (25.302-b08 mixed mode windows-amd64 compressed oops)
Heap:
 PSYoungGen      total 26624K, used 13522K [0x000000078af80000, 0x000000078cb80000, 0x00000007c0000000)
  eden space 24576K, 48% used [0x000000078af80000,0x000000078bb3cf90,0x000000078c780000)
  from space 2048K, 73% used [0x000000078c980000,0x000000078caf78a8,0x000000078cb80000)
  to   space 2048K, 0% used [0x000000078c780000,0x000000078c780000,0x000000078c980000)
 ParOldGen       total 52224K, used 31922K [0x0000000720e00000, 0x0000000724100000, 0x000000078af80000)
  object space 52224K, 61% used [0x0000000720e00000,0x0000000722d2cb78,0x0000000724100000)
 Metaspace       used 22400K, capacity 23992K, committed 24192K, reserved 1071104K
  class space    used 3090K, capacity 3380K, committed 3456K, reserved 1048576K
GC Heap History (10 events):
Event: 419.496 GC heap before
{Heap before GC invocations=163 (full 3):
 PSYoungGen      total 26624K, used 25633K [0x000000078af80000, 0x000000078cb80000, 0x00000007c0000000)
  eden space 24576K, 98% used [0x000000078af80000,0x000000078c7087d8,0x000000078c780000)
  from space 2048K, 74% used [0x000000078c780000,0x000000078c8ffec0,0x000000078c980000)
  to   space 2048K, 0% used [0x000000078c980000,0x000000078c980000,0x000000078cb80000)
 ParOldGen       total 52224K, used 27214K [0x0000000720e00000, 0x0000000724100000, 0x000000078af80000)
  object space 52224K, 52% used [0x0000000720e00000,0x0000000722893b28,0x0000000724100000)
 Metaspace       used 22371K, capacity 23966K, committed 24192K, reserved 1071104K
  class space    used 3083K, capacity 3373K, committed 3456K, reserved 1048576K
Event: 419.499 GC heap after
Heap after GC invocations=163 (full 3):
 PSYoungGen      total 26624K, used 1536K [0x000000078af80000, 0x000000078cb80000, 0x00000007c0000000)
  eden space 24576K, 0% used [0x000000078af80000,0x000000078af80000,0x000000078c780000)
  from space 2048K, 75% used [0x000000078c980000,0x000000078cb00090,0x000000078cb80000)
  to   space 2048K, 0% used [0x000000078c780000,0x000000078c780000,0x000000078c980000)
 ParOldGen       total 52224K, used 28162K [0x0000000720e00000, 0x0000000724100000, 0x000000078af80000)
  object space 52224K, 53% used [0x0000000720e00000,0x0000000722980b38,0x0000000724100000)
 Metaspace       used 22371K, capacity 23966K, committed 24192K, reserved 1071104K
  class space    used 3083K, capacity 3373K, committed 3456K, reserved 1048576K
}
Event: 421.712 GC heap before
{Heap before GC invocations=164 (full 3):
 PSYoungGen      total 26624K, used 25632K [0x000000078af80000, 0x000000078cb80000, 0x00000007c0000000)
  eden space 24576K, 98% used [0x000000078af80000,0x000000078c708080,0x000000078c780000)
  from space 2048K, 75% used [0x000000078c980000,0x000000078cb00090,0x000000078cb80000)
  to   space 2048K, 0% used [0x000000078c780000,0x000000078c780000,0x000000078c980000)
 ParOldGen       total 52224K, used 28162K [0x0000000720e00000, 0x0000000724100000, 0x000000078af80000)
  object space 52224K, 53% used [0x0000000720e00000,0x0000000722980b38,0x0000000724100000)
 Metaspace       used 22371K, capacity 23966K, committed 24192K, reserved 1071104K
  class space    used 3083K, capacity 3373K, committed 3456K, reserved 1048576K
Event: 421.715 GC heap after
Heap after GC invocations=164 (full 3):
 PSYoungGen      total 26624K, used 1535K [0x000000078af80000, 0x000000078cb80000, 0x00000007c0000000)
  eden space 24576K, 0% used [0x000000078af80000,0x000000078af80000,0x000000078c780000)
  from space 2048K, 74% used [0x000000078c780000,0x000000078c8fff90,0x000000078c980000)
  to   space 2048K, 0% used [0x000000078c980000,0x000000078c980000,0x000000078cb80000)
 ParOldGen       total 52224K, used 29110K [0x0000000720e00000, 0x0000000724100000, 0x000000078af80000)
  object space 52224K, 55% used [0x0000000720e00000,0x0000000722a6db48,0x0000000724100000)
 Metaspace       used 22371K, capacity 23966K, committed 24192K, reserved 1071104K
  class space    used 3083K, capacity 3373K, committed 3456K, reserved 1048576K
}
Event: 423.912 GC heap before
{Heap before GC invocations=165 (full 3):
 PSYoungGen      total 26624K, used 25635K [0x000000078af80000, 0x000000078cb80000, 0x00000007c0000000)
  eden space 24576K, 98% used [0x000000078af80000,0x000000078c708c78,0x000000078c780000)
  from space 2048K, 74% used [0x000000078c780000,0x000000078c8fff90,0x000000078c980000)
  to   space 2048K, 0% used [0x000000078c980000,0x000000078c980000,0x000000078cb80000)
 ParOldGen       total 52224K, used 29110K [0x0000000720e00000, 0x0000000724100000, 0x000000078af80000)
  object space 52224K, 55% used [0x0000000720e00000,0x0000000722a6db48,0x0000000724100000)
 Metaspace       used 22371K, capacity 23966K, committed 24192K, reserved 1071104K
  class space    used 3083K, capacity 3373K, committed 3456K, reserved 1048576K
Event: 423.914 GC heap after
Heap after GC invocations=165 (full 3):
 PSYoungGen      total 26624K, used 1536K [0x000000078af80000, 0x000000078cb80000, 0x00000007c0000000)
  eden space 24576K, 0% used [0x000000078af80000,0x000000078af80000,0x000000078c780000)
  from space 2048K, 75% used [0x000000078c980000,0x000000078cb00070,0x000000078cb80000)
  to   space 2048K, 0% used [0x000000078c780000,0x000000078c780000,0x000000078c980000)
 ParOldGen       total 52224K, used 30058K [0x0000000720e00000, 0x0000000724100000, 0x000000078af80000)
  object space 52224K, 57% used [0x0000000720e00000,0x0000000722b5ab58,0x0000000724100000)
 Metaspace       used 22371K, capacity 23966K, committed 24192K, reserved 1071104K
  class space    used 3083K, capacity 3373K, committed 3456K, reserved 1048576K
}
Event: 426.102 GC heap before
{Heap before GC invocations=166 (full 3):
 PSYoungGen      total 26624K, used 25640K [0x000000078af80000, 0x000000078cb80000, 0x00000007c0000000)
  eden space 24576K, 98% used [0x000000078af80000,0x000000078c70a330,0x000000078c780000)
  from space 2048K, 75% used [0x000000078c980000,0x000000078cb00070,0x000000078cb80000)
  to   space 2048K, 0% used [0x000000078c780000,0x000000078c780000,0x000000078c980000)
 ParOldGen       total 52224K, used 30058K [0x0000000720e00000, 0x0000000724100000, 0x000000078af80000)
  object space 52224K, 57% used [0x0000000720e00000,0x0000000722b5ab58,0x0000000724100000)
 Metaspace       used 22371K, capacity 23966K, committed 24192K, reserved 1071104K
  class space    used 3083K, capacity 3373K, committed 3456K, reserved 1048576K
Event: 426.104 GC heap after
Heap after GC invocations=166 (full 3):
 PSYoungGen      total 26624K, used 1504K [0x000000078af80000, 0x000000078cb80000, 0x00000007c0000000)
  eden space 24576K, 0% used [0x000000078af80000,0x000000078af80000,0x000000078c780000)
  from space 2048K, 73% used [0x000000078c780000,0x000000078c8f81f0,0x000000078c980000)
  to   space 2048K, 0% used [0x000000078c980000,0x000000078c980000,0x000000078cb80000)
 ParOldGen       total 52224K, used 30990K [0x0000000720e00000, 0x0000000724100000, 0x000000078af80000)
  object space 52224K, 59% used [0x0000000720e00000,0x0000000722c43b68,0x0000000724100000)
 Metaspace       used 22371K, capacity 23966K, committed 24192K, reserved 1071104K
  class space    used 3083K, capacity 3373K, committed 3456K, reserved 1048576K
}
Event: 428.314 GC heap before
{Heap before GC invocations=167 (full 3):
 PSYoungGen      total 26624K, used 25743K [0x000000078af80000, 0x000000078cb80000, 0x00000007c0000000)
  eden space 24576K, 98% used [0x000000078af80000,0x000000078c72bce8,0x000000078c780000)
  from space 2048K, 73% used [0x000000078c780000,0x000000078c8f81f0,0x000000078c980000)
  to   space 2048K, 0% used [0x000000078c980000,0x000000078c980000,0x000000078cb80000)
 ParOldGen       total 52224K, used 30990K [0x0000000720e00000, 0x0000000724100000, 0x000000078af80000)
  object space 52224K, 59% used [0x0000000720e00000,0x0000000722c43b68,0x0000000724100000)
 Metaspace       used 22372K, capacity 23966K, committed 24192K, reserved 1071104K
  class space    used 3083K, capacity 3373K, committed 3456K, reserved 1048576K
Event: 428.317 GC heap after
Heap after GC invocations=167 (full 3):
 PSYoungGen      total 26624K, used 1502K [0x000000078af80000, 0x000000078cb80000, 0x00000007c0000000)
  eden space 24576K, 0% used [0x000000078af80000,0x000000078af80000,0x000000078c780000)
  from space 2048K, 73% used [0x000000078c980000,0x000000078caf78a8,0x000000078cb80000)
  to   space 2048K, 0% used [0x000000078c780000,0x000000078c780000,0x000000078c980000)
 ParOldGen       total 52224K, used 31922K [0x0000000720e00000, 0x0000000724100000, 0x000000078af80000)
  object space 52224K, 61% used [0x0000000720e00000,0x0000000722d2cb78,0x0000000724100000)
 Metaspace       used 22372K, capacity 23966K, committed 24192K, reserved 1071104K
  class space    used 3083K, capacity 3373K, committed 3456K, reserved 1048576K
}

